<?xml version="1.0" encoding="UTF-8"?>
<testsuite xmlns:xsi="http://www.w3.org/2001/XMLSchema-instance" xsi:noNamespaceSchemaLocation="https://maven.apache.org/surefire/maven-surefire-plugin/xsd/surefire-test-report.xsd" version="3.0.2" name="com.javaweb.SpringbootWebQuickstartApplicationTests" time="1.591" tests="1" errors="0" skipped="0" failures="0">
  <properties>
    <property name="java.specification.version" value="17"/>
    <property name="sun.jnu.encoding" value="UTF-8"/>
    <property name="java.class.path" value="/Users/yangxue/Desktop/M1S2re/apprentie/projects/JavaWeb/Maven/web-project01/springboot-web-quickstart/target/test-classes:/Users/yangxue/Desktop/M1S2re/apprentie/projects/JavaWeb/Maven/web-project01/springboot-web-quickstart/target/classes:/Users/yangxue/soft/apache-maven-3.9.9/mvn_repo/org/springframework/boot/spring-boot-starter-web/3.4.3/spring-boot-starter-web-3.4.3.jar:/Users/yangxue/soft/apache-maven-3.9.9/mvn_repo/org/springframework/boot/spring-boot-starter/3.4.3/spring-boot-starter-3.4.3.jar:/Users/yangxue/soft/apache-maven-3.9.9/mvn_repo/org/springframework/boot/spring-boot/3.4.3/spring-boot-3.4.3.jar:/Users/yangxue/soft/apache-maven-3.9.9/mvn_repo/org/springframework/boot/spring-boot-autoconfigure/3.4.3/spring-boot-autoconfigure-3.4.3.jar:/Users/yangxue/soft/apache-maven-3.9.9/mvn_repo/org/springframework/boot/spring-boot-starter-logging/3.4.3/spring-boot-starter-logging-3.4.3.jar:/Users/yangxue/soft/apache-maven-3.9.9/mvn_repo/ch/qos/logback/logback-classic/1.5.16/logback-classic-1.5.16.jar:/Users/yangxue/soft/apache-maven-3.9.9/mvn_repo/ch/qos/logback/logback-core/1.5.16/logback-core-1.5.16.jar:/Users/yangxue/soft/apache-maven-3.9.9/mvn_repo/org/apache/logging/log4j/log4j-to-slf4j/2.24.3/log4j-to-slf4j-2.24.3.jar:/Users/yangxue/soft/apache-maven-3.9.9/mvn_repo/org/apache/logging/log4j/log4j-api/2.24.3/log4j-api-2.24.3.jar:/Users/yangxue/soft/apache-maven-3.9.9/mvn_repo/org/slf4j/jul-to-slf4j/2.0.16/jul-to-slf4j-2.0.16.jar:/Users/yangxue/soft/apache-maven-3.9.9/mvn_repo/jakarta/annotation/jakarta.annotation-api/2.1.1/jakarta.annotation-api-2.1.1.jar:/Users/yangxue/soft/apache-maven-3.9.9/mvn_repo/org/yaml/snakeyaml/2.3/snakeyaml-2.3.jar:/Users/yangxue/soft/apache-maven-3.9.9/mvn_repo/org/springframework/boot/spring-boot-starter-json/3.4.3/spring-boot-starter-json-3.4.3.jar:/Users/yangxue/soft/apache-maven-3.9.9/mvn_repo/com/fasterxml/jackson/core/jackson-databind/2.18.2/jackson-databind-2.18.2.jar:/Users/yangxue/soft/apache-maven-3.9.9/mvn_repo/com/fasterxml/jackson/core/jackson-annotations/2.18.2/jackson-annotations-2.18.2.jar:/Users/yangxue/soft/apache-maven-3.9.9/mvn_repo/com/fasterxml/jackson/core/jackson-core/2.18.2/jackson-core-2.18.2.jar:/Users/yangxue/soft/apache-maven-3.9.9/mvn_repo/com/fasterxml/jackson/datatype/jackson-datatype-jdk8/2.18.2/jackson-datatype-jdk8-2.18.2.jar:/Users/yangxue/soft/apache-maven-3.9.9/mvn_repo/com/fasterxml/jackson/datatype/jackson-datatype-jsr310/2.18.2/jackson-datatype-jsr310-2.18.2.jar:/Users/yangxue/soft/apache-maven-3.9.9/mvn_repo/com/fasterxml/jackson/module/jackson-module-parameter-names/2.18.2/jackson-module-parameter-names-2.18.2.jar:/Users/yangxue/soft/apache-maven-3.9.9/mvn_repo/org/springframework/boot/spring-boot-starter-tomcat/3.4.3/spring-boot-starter-tomcat-3.4.3.jar:/Users/yangxue/soft/apache-maven-3.9.9/mvn_repo/org/apache/tomcat/embed/tomcat-embed-core/10.1.36/tomcat-embed-core-10.1.36.jar:/Users/yangxue/soft/apache-maven-3.9.9/mvn_repo/org/apache/tomcat/embed/tomcat-embed-el/10.1.36/tomcat-embed-el-10.1.36.jar:/Users/yangxue/soft/apache-maven-3.9.9/mvn_repo/org/apache/tomcat/embed/tomcat-embed-websocket/10.1.36/tomcat-embed-websocket-10.1.36.jar:/Users/yangxue/soft/apache-maven-3.9.9/mvn_repo/org/springframework/spring-web/6.2.3/spring-web-6.2.3.jar:/Users/yangxue/soft/apache-maven-3.9.9/mvn_repo/org/springframework/spring-beans/6.2.3/spring-beans-6.2.3.jar:/Users/yangxue/soft/apache-maven-3.9.9/mvn_repo/io/micrometer/micrometer-observation/1.14.4/micrometer-observation-1.14.4.jar:/Users/yangxue/soft/apache-maven-3.9.9/mvn_repo/io/micrometer/micrometer-commons/1.14.4/micrometer-commons-1.14.4.jar:/Users/yangxue/soft/apache-maven-3.9.9/mvn_repo/org/springframework/spring-webmvc/6.2.3/spring-webmvc-6.2.3.jar:/Users/yangxue/soft/apache-maven-3.9.9/mvn_repo/org/springframework/spring-aop/6.2.3/spring-aop-6.2.3.jar:/Users/yangxue/soft/apache-maven-3.9.9/mvn_repo/org/springframework/spring-context/6.2.3/spring-context-6.2.3.jar:/Users/yangxue/soft/apache-maven-3.9.9/mvn_repo/org/springframework/spring-expression/6.2.3/spring-expression-6.2.3.jar:/Users/yangxue/soft/apache-maven-3.9.9/mvn_repo/org/springframework/boot/spring-boot-starter-test/3.4.3/spring-boot-starter-test-3.4.3.jar:/Users/yangxue/soft/apache-maven-3.9.9/mvn_repo/org/springframework/boot/spring-boot-test/3.4.3/spring-boot-test-3.4.3.jar:/Users/yangxue/soft/apache-maven-3.9.9/mvn_repo/org/springframework/boot/spring-boot-test-autoconfigure/3.4.3/spring-boot-test-autoconfigure-3.4.3.jar:/Users/yangxue/soft/apache-maven-3.9.9/mvn_repo/com/jayway/jsonpath/json-path/2.9.0/json-path-2.9.0.jar:/Users/yangxue/soft/apache-maven-3.9.9/mvn_repo/org/slf4j/slf4j-api/2.0.16/slf4j-api-2.0.16.jar:/Users/yangxue/soft/apache-maven-3.9.9/mvn_repo/jakarta/xml/bind/jakarta.xml.bind-api/4.0.2/jakarta.xml.bind-api-4.0.2.jar:/Users/yangxue/soft/apache-maven-3.9.9/mvn_repo/jakarta/activation/jakarta.activation-api/2.1.3/jakarta.activation-api-2.1.3.jar:/Users/yangxue/soft/apache-maven-3.9.9/mvn_repo/net/minidev/json-smart/2.5.2/json-smart-2.5.2.jar:/Users/yangxue/soft/apache-maven-3.9.9/mvn_repo/net/minidev/accessors-smart/2.5.2/accessors-smart-2.5.2.jar:/Users/yangxue/soft/apache-maven-3.9.9/mvn_repo/org/ow2/asm/asm/9.7.1/asm-9.7.1.jar:/Users/yangxue/soft/apache-maven-3.9.9/mvn_repo/org/assertj/assertj-core/3.26.3/assertj-core-3.26.3.jar:/Users/yangxue/soft/apache-maven-3.9.9/mvn_repo/net/bytebuddy/byte-buddy/1.15.11/byte-buddy-1.15.11.jar:/Users/yangxue/soft/apache-maven-3.9.9/mvn_repo/org/awaitility/awaitility/4.2.2/awaitility-4.2.2.jar:/Users/yangxue/soft/apache-maven-3.9.9/mvn_repo/org/hamcrest/hamcrest/2.2/hamcrest-2.2.jar:/Users/yangxue/soft/apache-maven-3.9.9/mvn_repo/org/junit/jupiter/junit-jupiter/5.11.4/junit-jupiter-5.11.4.jar:/Users/yangxue/soft/apache-maven-3.9.9/mvn_repo/org/junit/jupiter/junit-jupiter-api/5.11.4/junit-jupiter-api-5.11.4.jar:/Users/yangxue/soft/apache-maven-3.9.9/mvn_repo/org/opentest4j/opentest4j/1.3.0/opentest4j-1.3.0.jar:/Users/yangxue/soft/apache-maven-3.9.9/mvn_repo/org/junit/platform/junit-platform-commons/1.11.4/junit-platform-commons-1.11.4.jar:/Users/yangxue/soft/apache-maven-3.9.9/mvn_repo/org/apiguardian/apiguardian-api/1.1.2/apiguardian-api-1.1.2.jar:/Users/yangxue/soft/apache-maven-3.9.9/mvn_repo/org/junit/jupiter/junit-jupiter-params/5.11.4/junit-jupiter-params-5.11.4.jar:/Users/yangxue/soft/apache-maven-3.9.9/mvn_repo/org/junit/jupiter/junit-jupiter-engine/5.11.4/junit-jupiter-engine-5.11.4.jar:/Users/yangxue/soft/apache-maven-3.9.9/mvn_repo/org/junit/platform/junit-platform-engine/1.11.4/junit-platform-engine-1.11.4.jar:/Users/yangxue/soft/apache-maven-3.9.9/mvn_repo/org/mockito/mockito-core/5.14.2/mockito-core-5.14.2.jar:/Users/yangxue/soft/apache-maven-3.9.9/mvn_repo/net/bytebuddy/byte-buddy-agent/1.15.11/byte-buddy-agent-1.15.11.jar:/Users/yangxue/soft/apache-maven-3.9.9/mvn_repo/org/objenesis/objenesis/3.3/objenesis-3.3.jar:/Users/yangxue/soft/apache-maven-3.9.9/mvn_repo/org/mockito/mockito-junit-jupiter/5.14.2/mockito-junit-jupiter-5.14.2.jar:/Users/yangxue/soft/apache-maven-3.9.9/mvn_repo/org/skyscreamer/jsonassert/1.5.3/jsonassert-1.5.3.jar:/Users/yangxue/soft/apache-maven-3.9.9/mvn_repo/com/vaadin/external/google/android-json/0.0.20131108.vaadin1/android-json-0.0.20131108.vaadin1.jar:/Users/yangxue/soft/apache-maven-3.9.9/mvn_repo/org/springframework/spring-core/6.2.3/spring-core-6.2.3.jar:/Users/yangxue/soft/apache-maven-3.9.9/mvn_repo/org/springframework/spring-jcl/6.2.3/spring-jcl-6.2.3.jar:/Users/yangxue/soft/apache-maven-3.9.9/mvn_repo/org/springframework/spring-test/6.2.3/spring-test-6.2.3.jar:/Users/yangxue/soft/apache-maven-3.9.9/mvn_repo/org/xmlunit/xmlunit-core/2.10.0/xmlunit-core-2.10.0.jar:"/>
    <property name="java.vm.vendor" value="Oracle Corporation"/>
    <property name="sun.arch.data.model" value="64"/>
    <property name="java.vendor.url" value="https://java.oracle.com/"/>
    <property name="user.timezone" value="Europe/Paris"/>
    <property name="os.name" value="Mac OS X"/>
    <property name="java.vm.specification.version" value="17"/>
    <property name="APPLICATION_NAME" value="springboot-web-quickstart"/>
    <property name="sun.java.launcher" value="SUN_STANDARD"/>
    <property name="user.country" value="FR"/>
    <property name="sun.boot.library.path" value="/Library/Java/JavaVirtualMachines/jdk-17.0.5.jdk/Contents/Home/lib"/>
    <property name="sun.java.command" value="/Users/yangxue/Desktop/M1S2re/apprentie/projects/JavaWeb/Maven/web-project01/springboot-web-quickstart/target/surefire/surefirebooter-20250303231803314_3.jar /Users/yangxue/Desktop/M1S2re/apprentie/projects/JavaWeb/Maven/web-project01/springboot-web-quickstart/target/surefire 2025-03-03T23-18-03_269-jvmRun1 surefire-20250303231803314_1tmp surefire_0-20250303231803314_2tmp"/>
    <property name="jdk.debug" value="release"/>
    <property name="surefire.test.class.path" value="/Users/yangxue/Desktop/M1S2re/apprentie/projects/JavaWeb/Maven/web-project01/springboot-web-quickstart/target/test-classes:/Users/yangxue/Desktop/M1S2re/apprentie/projects/JavaWeb/Maven/web-project01/springboot-web-quickstart/target/classes:/Users/yangxue/soft/apache-maven-3.9.9/mvn_repo/org/springframework/boot/spring-boot-starter-web/3.4.3/spring-boot-starter-web-3.4.3.jar:/Users/yangxue/soft/apache-maven-3.9.9/mvn_repo/org/springframework/boot/spring-boot-starter/3.4.3/spring-boot-starter-3.4.3.jar:/Users/yangxue/soft/apache-maven-3.9.9/mvn_repo/org/springframework/boot/spring-boot/3.4.3/spring-boot-3.4.3.jar:/Users/yangxue/soft/apache-maven-3.9.9/mvn_repo/org/springframework/boot/spring-boot-autoconfigure/3.4.3/spring-boot-autoconfigure-3.4.3.jar:/Users/yangxue/soft/apache-maven-3.9.9/mvn_repo/org/springframework/boot/spring-boot-starter-logging/3.4.3/spring-boot-starter-logging-3.4.3.jar:/Users/yangxue/soft/apache-maven-3.9.9/mvn_repo/ch/qos/logback/logback-classic/1.5.16/logback-classic-1.5.16.jar:/Users/yangxue/soft/apache-maven-3.9.9/mvn_repo/ch/qos/logback/logback-core/1.5.16/logback-core-1.5.16.jar:/Users/yangxue/soft/apache-maven-3.9.9/mvn_repo/org/apache/logging/log4j/log4j-to-slf4j/2.24.3/log4j-to-slf4j-2.24.3.jar:/Users/yangxue/soft/apache-maven-3.9.9/mvn_repo/org/apache/logging/log4j/log4j-api/2.24.3/log4j-api-2.24.3.jar:/Users/yangxue/soft/apache-maven-3.9.9/mvn_repo/org/slf4j/jul-to-slf4j/2.0.16/jul-to-slf4j-2.0.16.jar:/Users/yangxue/soft/apache-maven-3.9.9/mvn_repo/jakarta/annotation/jakarta.annotation-api/2.1.1/jakarta.annotation-api-2.1.1.jar:/Users/yangxue/soft/apache-maven-3.9.9/mvn_repo/org/yaml/snakeyaml/2.3/snakeyaml-2.3.jar:/Users/yangxue/soft/apache-maven-3.9.9/mvn_repo/org/springframework/boot/spring-boot-starter-json/3.4.3/spring-boot-starter-json-3.4.3.jar:/Users/yangxue/soft/apache-maven-3.9.9/mvn_repo/com/fasterxml/jackson/core/jackson-databind/2.18.2/jackson-databind-2.18.2.jar:/Users/yangxue/soft/apache-maven-3.9.9/mvn_repo/com/fasterxml/jackson/core/jackson-annotations/2.18.2/jackson-annotations-2.18.2.jar:/Users/yangxue/soft/apache-maven-3.9.9/mvn_repo/com/fasterxml/jackson/core/jackson-core/2.18.2/jackson-core-2.18.2.jar:/Users/yangxue/soft/apache-maven-3.9.9/mvn_repo/com/fasterxml/jackson/datatype/jackson-datatype-jdk8/2.18.2/jackson-datatype-jdk8-2.18.2.jar:/Users/yangxue/soft/apache-maven-3.9.9/mvn_repo/com/fasterxml/jackson/datatype/jackson-datatype-jsr310/2.18.2/jackson-datatype-jsr310-2.18.2.jar:/Users/yangxue/soft/apache-maven-3.9.9/mvn_repo/com/fasterxml/jackson/module/jackson-module-parameter-names/2.18.2/jackson-module-parameter-names-2.18.2.jar:/Users/yangxue/soft/apache-maven-3.9.9/mvn_repo/org/springframework/boot/spring-boot-starter-tomcat/3.4.3/spring-boot-starter-tomcat-3.4.3.jar:/Users/yangxue/soft/apache-maven-3.9.9/mvn_repo/org/apache/tomcat/embed/tomcat-embed-core/10.1.36/tomcat-embed-core-10.1.36.jar:/Users/yangxue/soft/apache-maven-3.9.9/mvn_repo/org/apache/tomcat/embed/tomcat-embed-el/10.1.36/tomcat-embed-el-10.1.36.jar:/Users/yangxue/soft/apache-maven-3.9.9/mvn_repo/org/apache/tomcat/embed/tomcat-embed-websocket/10.1.36/tomcat-embed-websocket-10.1.36.jar:/Users/yangxue/soft/apache-maven-3.9.9/mvn_repo/org/springframework/spring-web/6.2.3/spring-web-6.2.3.jar:/Users/yangxue/soft/apache-maven-3.9.9/mvn_repo/org/springframework/spring-beans/6.2.3/spring-beans-6.2.3.jar:/Users/yangxue/soft/apache-maven-3.9.9/mvn_repo/io/micrometer/micrometer-observation/1.14.4/micrometer-observation-1.14.4.jar:/Users/yangxue/soft/apache-maven-3.9.9/mvn_repo/io/micrometer/micrometer-commons/1.14.4/micrometer-commons-1.14.4.jar:/Users/yangxue/soft/apache-maven-3.9.9/mvn_repo/org/springframework/spring-webmvc/6.2.3/spring-webmvc-6.2.3.jar:/Users/yangxue/soft/apache-maven-3.9.9/mvn_repo/org/springframework/spring-aop/6.2.3/spring-aop-6.2.3.jar:/Users/yangxue/soft/apache-maven-3.9.9/mvn_repo/org/springframework/spring-context/6.2.3/spring-context-6.2.3.jar:/Users/yangxue/soft/apache-maven-3.9.9/mvn_repo/org/springframework/spring-expression/6.2.3/spring-expression-6.2.3.jar:/Users/yangxue/soft/apache-maven-3.9.9/mvn_repo/org/springframework/boot/spring-boot-starter-test/3.4.3/spring-boot-starter-test-3.4.3.jar:/Users/yangxue/soft/apache-maven-3.9.9/mvn_repo/org/springframework/boot/spring-boot-test/3.4.3/spring-boot-test-3.4.3.jar:/Users/yangxue/soft/apache-maven-3.9.9/mvn_repo/org/springframework/boot/spring-boot-test-autoconfigure/3.4.3/spring-boot-test-autoconfigure-3.4.3.jar:/Users/yangxue/soft/apache-maven-3.9.9/mvn_repo/com/jayway/jsonpath/json-path/2.9.0/json-path-2.9.0.jar:/Users/yangxue/soft/apache-maven-3.9.9/mvn_repo/org/slf4j/slf4j-api/2.0.16/slf4j-api-2.0.16.jar:/Users/yangxue/soft/apache-maven-3.9.9/mvn_repo/jakarta/xml/bind/jakarta.xml.bind-api/4.0.2/jakarta.xml.bind-api-4.0.2.jar:/Users/yangxue/soft/apache-maven-3.9.9/mvn_repo/jakarta/activation/jakarta.activation-api/2.1.3/jakarta.activation-api-2.1.3.jar:/Users/yangxue/soft/apache-maven-3.9.9/mvn_repo/net/minidev/json-smart/2.5.2/json-smart-2.5.2.jar:/Users/yangxue/soft/apache-maven-3.9.9/mvn_repo/net/minidev/accessors-smart/2.5.2/accessors-smart-2.5.2.jar:/Users/yangxue/soft/apache-maven-3.9.9/mvn_repo/org/ow2/asm/asm/9.7.1/asm-9.7.1.jar:/Users/yangxue/soft/apache-maven-3.9.9/mvn_repo/org/assertj/assertj-core/3.26.3/assertj-core-3.26.3.jar:/Users/yangxue/soft/apache-maven-3.9.9/mvn_repo/net/bytebuddy/byte-buddy/1.15.11/byte-buddy-1.15.11.jar:/Users/yangxue/soft/apache-maven-3.9.9/mvn_repo/org/awaitility/awaitility/4.2.2/awaitility-4.2.2.jar:/Users/yangxue/soft/apache-maven-3.9.9/mvn_repo/org/hamcrest/hamcrest/2.2/hamcrest-2.2.jar:/Users/yangxue/soft/apache-maven-3.9.9/mvn_repo/org/junit/jupiter/junit-jupiter/5.11.4/junit-jupiter-5.11.4.jar:/Users/yangxue/soft/apache-maven-3.9.9/mvn_repo/org/junit/jupiter/junit-jupiter-api/5.11.4/junit-jupiter-api-5.11.4.jar:/Users/yangxue/soft/apache-maven-3.9.9/mvn_repo/org/opentest4j/opentest4j/1.3.0/opentest4j-1.3.0.jar:/Users/yangxue/soft/apache-maven-3.9.9/mvn_repo/org/junit/platform/junit-platform-commons/1.11.4/junit-platform-commons-1.11.4.jar:/Users/yangxue/soft/apache-maven-3.9.9/mvn_repo/org/apiguardian/apiguardian-api/1.1.2/apiguardian-api-1.1.2.jar:/Users/yangxue/soft/apache-maven-3.9.9/mvn_repo/org/junit/jupiter/junit-jupiter-params/5.11.4/junit-jupiter-params-5.11.4.jar:/Users/yangxue/soft/apache-maven-3.9.9/mvn_repo/org/junit/jupiter/junit-jupiter-engine/5.11.4/junit-jupiter-engine-5.11.4.jar:/Users/yangxue/soft/apache-maven-3.9.9/mvn_repo/org/junit/platform/junit-platform-engine/1.11.4/junit-platform-engine-1.11.4.jar:/Users/yangxue/soft/apache-maven-3.9.9/mvn_repo/org/mockito/mockito-core/5.14.2/mockito-core-5.14.2.jar:/Users/yangxue/soft/apache-maven-3.9.9/mvn_repo/net/bytebuddy/byte-buddy-agent/1.15.11/byte-buddy-agent-1.15.11.jar:/Users/yangxue/soft/apache-maven-3.9.9/mvn_repo/org/objenesis/objenesis/3.3/objenesis-3.3.jar:/Users/yangxue/soft/apache-maven-3.9.9/mvn_repo/org/mockito/mockito-junit-jupiter/5.14.2/mockito-junit-jupiter-5.14.2.jar:/Users/yangxue/soft/apache-maven-3.9.9/mvn_repo/org/skyscreamer/jsonassert/1.5.3/jsonassert-1.5.3.jar:/Users/yangxue/soft/apache-maven-3.9.9/mvn_repo/com/vaadin/external/google/android-json/0.0.20131108.vaadin1/android-json-0.0.20131108.vaadin1.jar:/Users/yangxue/soft/apache-maven-3.9.9/mvn_repo/org/springframework/spring-core/6.2.3/spring-core-6.2.3.jar:/Users/yangxue/soft/apache-maven-3.9.9/mvn_repo/org/springframework/spring-jcl/6.2.3/spring-jcl-6.2.3.jar:/Users/yangxue/soft/apache-maven-3.9.9/mvn_repo/org/springframework/spring-test/6.2.3/spring-test-6.2.3.jar:/Users/yangxue/soft/apache-maven-3.9.9/mvn_repo/org/xmlunit/xmlunit-core/2.10.0/xmlunit-core-2.10.0.jar:"/>
    <property name="sun.cpu.endian" value="little"/>
    <property name="user.home" value="/Users/yangxue"/>
    <property name="user.language" value="zh"/>
    <property name="java.specification.vendor" value="Oracle Corporation"/>
    <property name="java.version.date" value="2022-10-18"/>
    <property name="java.home" value="/Library/Java/JavaVirtualMachines/jdk-17.0.5.jdk/Contents/Home"/>
    <property name="file.separator" value="/"/>
    <property name="basedir" value="/Users/yangxue/Desktop/M1S2re/apprentie/projects/JavaWeb/Maven/web-project01/springboot-web-quickstart"/>
    <property name="java.vm.compressedOopsMode" value="Zero based"/>
    <property name="line.separator" value="&#10;"/>
    <property name="java.specification.name" value="Java Platform API Specification"/>
    <property name="java.vm.specification.vendor" value="Oracle Corporation"/>
    <property name="FILE_LOG_CHARSET" value="UTF-8"/>
    <property name="java.awt.headless" value="true"/>
    <property name="surefire.real.class.path" value="/Users/yangxue/Desktop/M1S2re/apprentie/projects/JavaWeb/Maven/web-project01/springboot-web-quickstart/target/surefire/surefirebooter-20250303231803314_3.jar"/>
    <property name="user.script" value="Hans"/>
    <property name="sun.management.compiler" value="HotSpot 64-Bit Tiered Compilers"/>
    <property name="java.runtime.version" value="17.0.5+9-LTS-191"/>
    <property name="user.name" value="yangxue"/>
    <property name="path.separator" value=":"/>
    <property name="os.version" value="15.3.1"/>
    <property name="java.runtime.name" value="Java(TM) SE Runtime Environment"/>
    <property name="file.encoding" value="UTF-8"/>
    <property name="java.vm.name" value="Java HotSpot(TM) 64-Bit Server VM"/>
    <property name="localRepository" value="/Users/yangxue/soft/apache-maven-3.9.9/mvn_repo"/>
    <property name="java.vendor.url.bug" value="https://bugreport.java.com/bugreport/"/>
    <property name="java.io.tmpdir" value="/var/folders/3w/c561db9d2xxc820w7smthqnm0000gn/T/"/>
    <property name="java.version" value="17.0.5"/>
    <property name="user.dir" value="/Users/yangxue/Desktop/M1S2re/apprentie/projects/JavaWeb/Maven/web-project01/springboot-web-quickstart"/>
    <property name="os.arch" value="aarch64"/>
    <property name="java.vm.specification.name" value="Java Virtual Machine Specification"/>
    <property name="PID" value="51137"/>
    <property name="CONSOLE_LOG_CHARSET" value="UTF-8"/>
    <property name="native.encoding" value="UTF-8"/>
    <property name="java.library.path" value="/Users/yangxue/Library/Java/Extensions:/Library/Java/Extensions:/Network/Library/Java/Extensions:/System/Library/Java/Extensions:/usr/lib/java:."/>
    <property name="java.vm.info" value="mixed mode, sharing"/>
    <property name="java.vendor" value="Oracle Corporation"/>
    <property name="java.vm.version" value="17.0.5+9-LTS-191"/>
    <property name="sun.io.unicode.encoding" value="UnicodeBig"/>
    <property name="java.class.version" value="61.0"/>
    <property name="LOGGED_APPLICATION_NAME" value="[springboot-web-quickstart] "/>
  </properties>
  <testcase name="contextLoads" classname="com.javaweb.SpringbootWebQuickstartApplicationTests" time="0.437">
    <system-out><![CDATA[23:18:04.138 [main] INFO org.springframework.test.context.support.AnnotationConfigContextLoaderUtils -- Could not detect default configuration classes for test class [com.javaweb.SpringbootWebQuickstartApplicationTests]: SpringbootWebQuickstartApplicationTests does not declare any static, non-private, non-final, nested classes annotated with @Configuration.
23:18:04.278 [main] INFO org.springframework.boot.test.context.SpringBootTestContextBootstrapper -- Found @SpringBootConfiguration com.javaweb.SpringbootWebQuickstartApplication for test class com.javaweb.SpringbootWebQuickstartApplicationTests

  .   ____          _            __ _ _
 /\\ / ___'_ __ _ _(_)_ __  __ _ \ \ \ \
( ( )\___ | '_ | '_| | '_ \/ _` | \ \ \ \
 \\/  ___)| |_)| | | | | || (_| |  ) ) ) )
  '  |____| .__|_| |_|_| |_\__, | / / / /
 =========|_|==============|___/=/_/_/_/

 :: Spring Boot ::                (v3.4.3)

2025-03-03T23:18:04.529+01:00  INFO 51137 --- [springboot-web-quickstart] [           main] .SpringbootWebQuickstartApplicationTests : Starting SpringbootWebQuickstartApplicationTests using Java 17.0.5 with PID 51137 (started by yangxue in /Users/yangxue/Desktop/M1S2re/apprentie/projects/JavaWeb/Maven/web-project01/springboot-web-quickstart)
2025-03-03T23:18:04.531+01:00  INFO 51137 --- [springboot-web-quickstart] [           main] .SpringbootWebQuickstartApplicationTests : No active profile set, falling back to 1 default profile: "default"
2025-03-03T23:18:05.087+01:00  INFO 51137 --- [springboot-web-quickstart] [           main] .SpringbootWebQuickstartApplicationTests : Started SpringbootWebQuickstartApplicationTests in 0.743 seconds (process running for 1.725)
]]></system-out>
  </testcase>
</testsuite>